<?xml version="1.0" encoding="UTF-8"?>
<testsuite xmlns:xsi="http://www.w3.org/2001/XMLSchema-instance" xsi:noNamespaceSchemaLocation="https://maven.apache.org/surefire/maven-surefire-plugin/xsd/surefire-test-report.xsd" name="com.ansel.LogisticsApplicationTests" time="112.012" tests="1" errors="0" skipped="0" failures="0">
  <properties>
    <property name="sun.desktop" value="windows"/>
    <property name="awt.toolkit" value="sun.awt.windows.WToolkit"/>
    <property name="file.encoding.pkg" value="sun.io"/>
    <property name="java.specification.version" value="1.8"/>
    <property name="sun.cpu.isalist" value="amd64"/>
    <property name="sun.jnu.encoding" value="GBK"/>
    <property name="java.class.path" value="D:\IDEA project\xk_logistics\target\test-classes;D:\IDEA project\xk_logistics\target\classes;D:\MavenRepository\org\springframework\boot\spring-boot-starter-web\2.0.2.RELEASE\spring-boot-starter-web-2.0.2.RELEASE.jar;D:\MavenRepository\org\springframework\boot\spring-boot-starter\2.0.2.RELEASE\spring-boot-starter-2.0.2.RELEASE.jar;D:\MavenRepository\org\springframework\boot\spring-boot\2.0.2.RELEASE\spring-boot-2.0.2.RELEASE.jar;D:\MavenRepository\org\springframework\boot\spring-boot-autoconfigure\2.0.2.RELEASE\spring-boot-autoconfigure-2.0.2.RELEASE.jar;D:\MavenRepository\org\springframework\boot\spring-boot-starter-logging\2.0.2.RELEASE\spring-boot-starter-logging-2.0.2.RELEASE.jar;D:\MavenRepository\ch\qos\logback\logback-classic\1.2.3\logback-classic-1.2.3.jar;D:\MavenRepository\ch\qos\logback\logback-core\1.2.3\logback-core-1.2.3.jar;D:\MavenRepository\org\apache\logging\log4j\log4j-to-slf4j\2.10.0\log4j-to-slf4j-2.10.0.jar;D:\MavenRepository\org\apache\logging\log4j\log4j-api\2.10.0\log4j-api-2.10.0.jar;D:\MavenRepository\org\slf4j\jul-to-slf4j\1.7.25\jul-to-slf4j-1.7.25.jar;D:\MavenRepository\javax\annotation\javax.annotation-api\1.3.2\javax.annotation-api-1.3.2.jar;D:\MavenRepository\org\yaml\snakeyaml\1.19\snakeyaml-1.19.jar;D:\MavenRepository\org\springframework\boot\spring-boot-starter-json\2.0.2.RELEASE\spring-boot-starter-json-2.0.2.RELEASE.jar;D:\MavenRepository\com\fasterxml\jackson\datatype\jackson-datatype-jdk8\2.9.5\jackson-datatype-jdk8-2.9.5.jar;D:\MavenRepository\com\fasterxml\jackson\datatype\jackson-datatype-jsr310\2.9.5\jackson-datatype-jsr310-2.9.5.jar;D:\MavenRepository\com\fasterxml\jackson\module\jackson-module-parameter-names\2.9.5\jackson-module-parameter-names-2.9.5.jar;D:\MavenRepository\org\hibernate\validator\hibernate-validator\6.0.9.Final\hibernate-validator-6.0.9.Final.jar;D:\MavenRepository\javax\validation\validation-api\2.0.1.Final\validation-api-2.0.1.Final.jar;D:\MavenRepository\org\jboss\logging\jboss-logging\3.3.2.Final\jboss-logging-3.3.2.Final.jar;D:\MavenRepository\org\springframework\spring-web\5.0.6.RELEASE\spring-web-5.0.6.RELEASE.jar;D:\MavenRepository\org\springframework\spring-beans\5.0.6.RELEASE\spring-beans-5.0.6.RELEASE.jar;D:\MavenRepository\org\springframework\spring-webmvc\5.0.6.RELEASE\spring-webmvc-5.0.6.RELEASE.jar;D:\MavenRepository\org\springframework\spring-expression\5.0.6.RELEASE\spring-expression-5.0.6.RELEASE.jar;D:\MavenRepository\org\springframework\boot\spring-boot-starter-data-jpa\2.0.2.RELEASE\spring-boot-starter-data-jpa-2.0.2.RELEASE.jar;D:\MavenRepository\org\springframework\boot\spring-boot-starter-jdbc\2.0.2.RELEASE\spring-boot-starter-jdbc-2.0.2.RELEASE.jar;D:\MavenRepository\com\zaxxer\HikariCP\2.7.9\HikariCP-2.7.9.jar;D:\MavenRepository\org\springframework\spring-jdbc\5.0.6.RELEASE\spring-jdbc-5.0.6.RELEASE.jar;D:\MavenRepository\org\hibernate\hibernate-core\5.2.17.Final\hibernate-core-5.2.17.Final.jar;D:\MavenRepository\org\hibernate\javax\persistence\hibernate-jpa-2.1-api\1.0.0.Final\hibernate-jpa-2.1-api-1.0.0.Final.jar;D:\MavenRepository\org\javassist\javassist\3.22.0-GA\javassist-3.22.0-GA.jar;D:\MavenRepository\antlr\antlr\2.7.7\antlr-2.7.7.jar;D:\MavenRepository\org\jboss\jandex\2.0.3.Final\jandex-2.0.3.Final.jar;D:\MavenRepository\org\hibernate\common\hibernate-commons-annotations\5.0.1.Final\hibernate-commons-annotations-5.0.1.Final.jar;D:\MavenRepository\javax\transaction\javax.transaction-api\1.2\javax.transaction-api-1.2.jar;D:\MavenRepository\org\springframework\data\spring-data-jpa\2.0.7.RELEASE\spring-data-jpa-2.0.7.RELEASE.jar;D:\MavenRepository\org\springframework\data\spring-data-commons\2.0.7.RELEASE\spring-data-commons-2.0.7.RELEASE.jar;D:\MavenRepository\org\springframework\spring-orm\5.0.6.RELEASE\spring-orm-5.0.6.RELEASE.jar;D:\MavenRepository\org\springframework\spring-tx\5.0.6.RELEASE\spring-tx-5.0.6.RELEASE.jar;D:\MavenRepository\org\springframework\spring-aspects\5.0.6.RELEASE\spring-aspects-5.0.6.RELEASE.jar;D:\MavenRepository\mysql\mysql-connector-java\5.1.46\mysql-connector-java-5.1.46.jar;D:\MavenRepository\oracle\ojdbc6\11.2.0.3\ojdbc6-11.2.0.3.jar;D:\MavenRepository\com\microsoft\sqlserver\sqljdbc4\4.0\sqljdbc4-4.0.jar;D:\MavenRepository\com\alibaba\druid\1.1.10\druid-1.1.10.jar;D:\MavenRepository\org\springframework\boot\spring-boot-starter-jetty\2.0.2.RELEASE\spring-boot-starter-jetty-2.0.2.RELEASE.jar;D:\MavenRepository\org\eclipse\jetty\jetty-servlets\9.4.10.v20180503\jetty-servlets-9.4.10.v20180503.jar;D:\MavenRepository\org\eclipse\jetty\jetty-continuation\9.4.10.v20180503\jetty-continuation-9.4.10.v20180503.jar;D:\MavenRepository\org\eclipse\jetty\jetty-http\9.4.10.v20180503\jetty-http-9.4.10.v20180503.jar;D:\MavenRepository\org\eclipse\jetty\jetty-util\9.4.10.v20180503\jetty-util-9.4.10.v20180503.jar;D:\MavenRepository\org\eclipse\jetty\jetty-io\9.4.10.v20180503\jetty-io-9.4.10.v20180503.jar;D:\MavenRepository\org\eclipse\jetty\jetty-webapp\9.4.10.v20180503\jetty-webapp-9.4.10.v20180503.jar;D:\MavenRepository\org\eclipse\jetty\jetty-xml\9.4.10.v20180503\jetty-xml-9.4.10.v20180503.jar;D:\MavenRepository\org\eclipse\jetty\jetty-servlet\9.4.10.v20180503\jetty-servlet-9.4.10.v20180503.jar;D:\MavenRepository\org\eclipse\jetty\jetty-security\9.4.10.v20180503\jetty-security-9.4.10.v20180503.jar;D:\MavenRepository\org\eclipse\jetty\jetty-server\9.4.10.v20180503\jetty-server-9.4.10.v20180503.jar;D:\MavenRepository\org\eclipse\jetty\websocket\websocket-server\9.4.10.v20180503\websocket-server-9.4.10.v20180503.jar;D:\MavenRepository\org\eclipse\jetty\websocket\websocket-common\9.4.10.v20180503\websocket-common-9.4.10.v20180503.jar;D:\MavenRepository\org\eclipse\jetty\websocket\websocket-api\9.4.10.v20180503\websocket-api-9.4.10.v20180503.jar;D:\MavenRepository\org\eclipse\jetty\websocket\websocket-client\9.4.10.v20180503\websocket-client-9.4.10.v20180503.jar;D:\MavenRepository\org\eclipse\jetty\jetty-client\9.4.10.v20180503\jetty-client-9.4.10.v20180503.jar;D:\MavenRepository\org\eclipse\jetty\websocket\websocket-servlet\9.4.10.v20180503\websocket-servlet-9.4.10.v20180503.jar;D:\MavenRepository\javax\servlet\javax.servlet-api\3.1.0\javax.servlet-api-3.1.0.jar;D:\MavenRepository\org\eclipse\jetty\websocket\javax-websocket-server-impl\9.4.10.v20180503\javax-websocket-server-impl-9.4.10.v20180503.jar;D:\MavenRepository\org\eclipse\jetty\jetty-annotations\9.4.10.v20180503\jetty-annotations-9.4.10.v20180503.jar;D:\MavenRepository\org\eclipse\jetty\jetty-plus\9.4.10.v20180503\jetty-plus-9.4.10.v20180503.jar;D:\MavenRepository\org\ow2\asm\asm\6.1.1\asm-6.1.1.jar;D:\MavenRepository\org\ow2\asm\asm-commons\6.1.1\asm-commons-6.1.1.jar;D:\MavenRepository\org\ow2\asm\asm-tree\6.1.1\asm-tree-6.1.1.jar;D:\MavenRepository\org\ow2\asm\asm-analysis\6.1.1\asm-analysis-6.1.1.jar;D:\MavenRepository\org\eclipse\jetty\websocket\javax-websocket-client-impl\9.4.10.v20180503\javax-websocket-client-impl-9.4.10.v20180503.jar;D:\MavenRepository\javax\websocket\javax.websocket-api\1.0\javax.websocket-api-1.0.jar;D:\MavenRepository\org\mortbay\jasper\apache-el\8.5.24.2\apache-el-8.5.24.2.jar;D:\MavenRepository\org\springframework\boot\spring-boot-starter-test\2.0.2.RELEASE\spring-boot-starter-test-2.0.2.RELEASE.jar;D:\MavenRepository\org\springframework\boot\spring-boot-test\2.0.2.RELEASE\spring-boot-test-2.0.2.RELEASE.jar;D:\MavenRepository\org\springframework\boot\spring-boot-test-autoconfigure\2.0.2.RELEASE\spring-boot-test-autoconfigure-2.0.2.RELEASE.jar;D:\MavenRepository\com\jayway\jsonpath\json-path\2.4.0\json-path-2.4.0.jar;D:\MavenRepository\net\minidev\json-smart\2.3\json-smart-2.3.jar;D:\MavenRepository\net\minidev\accessors-smart\1.2\accessors-smart-1.2.jar;D:\MavenRepository\junit\junit\4.12\junit-4.12.jar;D:\MavenRepository\org\assertj\assertj-core\3.9.1\assertj-core-3.9.1.jar;D:\MavenRepository\org\mockito\mockito-core\2.15.0\mockito-core-2.15.0.jar;D:\MavenRepository\net\bytebuddy\byte-buddy\1.7.11\byte-buddy-1.7.11.jar;D:\MavenRepository\net\bytebuddy\byte-buddy-agent\1.7.11\byte-buddy-agent-1.7.11.jar;D:\MavenRepository\org\objenesis\objenesis\2.6\objenesis-2.6.jar;D:\MavenRepository\org\hamcrest\hamcrest-core\1.3\hamcrest-core-1.3.jar;D:\MavenRepository\org\hamcrest\hamcrest-library\1.3\hamcrest-library-1.3.jar;D:\MavenRepository\org\skyscreamer\jsonassert\1.5.0\jsonassert-1.5.0.jar;D:\MavenRepository\com\vaadin\external\google\android-json\0.0.20131108.vaadin1\android-json-0.0.20131108.vaadin1.jar;D:\MavenRepository\org\springframework\spring-core\5.0.6.RELEASE\spring-core-5.0.6.RELEASE.jar;D:\MavenRepository\org\springframework\spring-jcl\5.0.6.RELEASE\spring-jcl-5.0.6.RELEASE.jar;D:\MavenRepository\org\springframework\spring-test\5.0.6.RELEASE\spring-test-5.0.6.RELEASE.jar;D:\MavenRepository\org\xmlunit\xmlunit-core\2.5.1\xmlunit-core-2.5.1.jar;D:\MavenRepository\org\springframework\boot\spring-boot-starter-mail\2.0.1.RELEASE\spring-boot-starter-mail-2.0.1.RELEASE.jar;D:\MavenRepository\org\springframework\spring-context\5.0.6.RELEASE\spring-context-5.0.6.RELEASE.jar;D:\MavenRepository\org\springframework\spring-context-support\5.0.6.RELEASE\spring-context-support-5.0.6.RELEASE.jar;D:\MavenRepository\com\sun\mail\javax.mail\1.6.1\javax.mail-1.6.1.jar;D:\MavenRepository\javax\activation\activation\1.1\activation-1.1.jar;D:\MavenRepository\org\springframework\boot\spring-boot-starter-aop\2.0.2.RELEASE\spring-boot-starter-aop-2.0.2.RELEASE.jar;D:\MavenRepository\org\springframework\spring-aop\5.0.6.RELEASE\spring-aop-5.0.6.RELEASE.jar;D:\MavenRepository\org\aspectj\aspectjweaver\1.8.13\aspectjweaver-1.8.13.jar;D:\MavenRepository\io\springfox\springfox-swagger2\2.8.0\springfox-swagger2-2.8.0.jar;D:\MavenRepository\io\swagger\swagger-annotations\1.5.14\swagger-annotations-1.5.14.jar;D:\MavenRepository\io\swagger\swagger-models\1.5.14\swagger-models-1.5.14.jar;D:\MavenRepository\com\fasterxml\jackson\core\jackson-annotations\2.9.0\jackson-annotations-2.9.0.jar;D:\MavenRepository\io\springfox\springfox-spi\2.8.0\springfox-spi-2.8.0.jar;D:\MavenRepository\io\springfox\springfox-core\2.8.0\springfox-core-2.8.0.jar;D:\MavenRepository\io\springfox\springfox-schema\2.8.0\springfox-schema-2.8.0.jar;D:\MavenRepository\io\springfox\springfox-swagger-common\2.8.0\springfox-swagger-common-2.8.0.jar;D:\MavenRepository\io\springfox\springfox-spring-web\2.8.0\springfox-spring-web-2.8.0.jar;D:\MavenRepository\org\reflections\reflections\0.9.11\reflections-0.9.11.jar;D:\MavenRepository\com\google\guava\guava\20.0\guava-20.0.jar;D:\MavenRepository\com\fasterxml\classmate\1.3.4\classmate-1.3.4.jar;D:\MavenRepository\org\slf4j\slf4j-api\1.7.25\slf4j-api-1.7.25.jar;D:\MavenRepository\org\springframework\plugin\spring-plugin-core\1.2.0.RELEASE\spring-plugin-core-1.2.0.RELEASE.jar;D:\MavenRepository\org\springframework\plugin\spring-plugin-metadata\1.2.0.RELEASE\spring-plugin-metadata-1.2.0.RELEASE.jar;D:\MavenRepository\org\mapstruct\mapstruct\1.2.0.Final\mapstruct-1.2.0.Final.jar;D:\MavenRepository\io\springfox\springfox-swagger-ui\2.7.0\springfox-swagger-ui-2.7.0.jar;D:\MavenRepository\com\alibaba\fastjson\1.2.47\fastjson-1.2.47.jar;D:\MavenRepository\org\apache\commons\commons-lang3\3.8.1\commons-lang3-3.8.1.jar;D:\MavenRepository\com\auth0\java-jwt\3.4.0\java-jwt-3.4.0.jar;D:\MavenRepository\com\fasterxml\jackson\core\jackson-databind\2.9.5\jackson-databind-2.9.5.jar;D:\MavenRepository\com\fasterxml\jackson\core\jackson-core\2.9.5\jackson-core-2.9.5.jar;D:\MavenRepository\commons-codec\commons-codec\1.11\commons-codec-1.11.jar;D:\MavenRepository\org\apache\camel\camel-ftp\2.13.2\camel-ftp-2.13.2.jar;D:\MavenRepository\org\apache\camel\camel-core\2.13.2\camel-core-2.13.2.jar;D:\MavenRepository\com\sun\xml\bind\jaxb-impl\2.2.6\jaxb-impl-2.2.6.jar;D:\MavenRepository\com\jcraft\jsch\0.1.50\jsch-0.1.50.jar;D:\MavenRepository\commons-net\commons-net\3.3\commons-net-3.3.jar;D:\MavenRepository\org\springside\springside-core\4.2.2.GA\springside-core-4.2.2.GA.jar;D:\MavenRepository\org\apache\poi\poi\3.9\poi-3.9.jar;D:\MavenRepository\org\apache\poi\poi-ooxml\3.9\poi-ooxml-3.9.jar;D:\MavenRepository\org\apache\poi\poi-ooxml-schemas\3.9\poi-ooxml-schemas-3.9.jar;D:\MavenRepository\org\apache\xmlbeans\xmlbeans\2.3.0\xmlbeans-2.3.0.jar;D:\MavenRepository\stax\stax-api\1.0.1\stax-api-1.0.1.jar;D:\MavenRepository\dom4j\dom4j\1.6.1\dom4j-1.6.1.jar;D:\MavenRepository\xml-apis\xml-apis\1.4.01\xml-apis-1.4.01.jar;D:\MavenRepository\com\belerweb\pinyin4j\2.5.0\pinyin4j-2.5.0.jar;"/>
    <property name="java.vm.vendor" value="Oracle Corporation"/>
    <property name="sun.arch.data.model" value="64"/>
    <property name="user.variant" value=""/>
    <property name="java.vendor.url" value="http://java.oracle.com/"/>
    <property name="user.timezone" value=""/>
    <property name="java.vm.specification.version" value="1.8"/>
    <property name="os.name" value="Windows 10"/>
    <property name="user.country" value="CN"/>
    <property name="sun.java.launcher" value="SUN_STANDARD"/>
    <property name="sun.boot.library.path" value="D:\JDK8\jre\bin"/>
    <property name="sun.java.command" value="C:\Users\CLEARL~1\AppData\Local\Temp\surefire6320237087690307722\surefirebooter1558903188172785458.jar C:\Users\clearlove\AppData\Local\Temp\surefire6320237087690307722 2021-01-18T21-20-47_178-jvmRun1 surefire93534245629084748tmp surefire_08113805186929535329tmp"/>
    <property name="surefire.test.class.path" value="D:\IDEA project\xk_logistics\target\test-classes;D:\IDEA project\xk_logistics\target\classes;D:\MavenRepository\org\springframework\boot\spring-boot-starter-web\2.0.2.RELEASE\spring-boot-starter-web-2.0.2.RELEASE.jar;D:\MavenRepository\org\springframework\boot\spring-boot-starter\2.0.2.RELEASE\spring-boot-starter-2.0.2.RELEASE.jar;D:\MavenRepository\org\springframework\boot\spring-boot\2.0.2.RELEASE\spring-boot-2.0.2.RELEASE.jar;D:\MavenRepository\org\springframework\boot\spring-boot-autoconfigure\2.0.2.RELEASE\spring-boot-autoconfigure-2.0.2.RELEASE.jar;D:\MavenRepository\org\springframework\boot\spring-boot-starter-logging\2.0.2.RELEASE\spring-boot-starter-logging-2.0.2.RELEASE.jar;D:\MavenRepository\ch\qos\logback\logback-classic\1.2.3\logback-classic-1.2.3.jar;D:\MavenRepository\ch\qos\logback\logback-core\1.2.3\logback-core-1.2.3.jar;D:\MavenRepository\org\apache\logging\log4j\log4j-to-slf4j\2.10.0\log4j-to-slf4j-2.10.0.jar;D:\MavenRepository\org\apache\logging\log4j\log4j-api\2.10.0\log4j-api-2.10.0.jar;D:\MavenRepository\org\slf4j\jul-to-slf4j\1.7.25\jul-to-slf4j-1.7.25.jar;D:\MavenRepository\javax\annotation\javax.annotation-api\1.3.2\javax.annotation-api-1.3.2.jar;D:\MavenRepository\org\yaml\snakeyaml\1.19\snakeyaml-1.19.jar;D:\MavenRepository\org\springframework\boot\spring-boot-starter-json\2.0.2.RELEASE\spring-boot-starter-json-2.0.2.RELEASE.jar;D:\MavenRepository\com\fasterxml\jackson\datatype\jackson-datatype-jdk8\2.9.5\jackson-datatype-jdk8-2.9.5.jar;D:\MavenRepository\com\fasterxml\jackson\datatype\jackson-datatype-jsr310\2.9.5\jackson-datatype-jsr310-2.9.5.jar;D:\MavenRepository\com\fasterxml\jackson\module\jackson-module-parameter-names\2.9.5\jackson-module-parameter-names-2.9.5.jar;D:\MavenRepository\org\hibernate\validator\hibernate-validator\6.0.9.Final\hibernate-validator-6.0.9.Final.jar;D:\MavenRepository\javax\validation\validation-api\2.0.1.Final\validation-api-2.0.1.Final.jar;D:\MavenRepository\org\jboss\logging\jboss-logging\3.3.2.Final\jboss-logging-3.3.2.Final.jar;D:\MavenRepository\org\springframework\spring-web\5.0.6.RELEASE\spring-web-5.0.6.RELEASE.jar;D:\MavenRepository\org\springframework\spring-beans\5.0.6.RELEASE\spring-beans-5.0.6.RELEASE.jar;D:\MavenRepository\org\springframework\spring-webmvc\5.0.6.RELEASE\spring-webmvc-5.0.6.RELEASE.jar;D:\MavenRepository\org\springframework\spring-expression\5.0.6.RELEASE\spring-expression-5.0.6.RELEASE.jar;D:\MavenRepository\org\springframework\boot\spring-boot-starter-data-jpa\2.0.2.RELEASE\spring-boot-starter-data-jpa-2.0.2.RELEASE.jar;D:\MavenRepository\org\springframework\boot\spring-boot-starter-jdbc\2.0.2.RELEASE\spring-boot-starter-jdbc-2.0.2.RELEASE.jar;D:\MavenRepository\com\zaxxer\HikariCP\2.7.9\HikariCP-2.7.9.jar;D:\MavenRepository\org\springframework\spring-jdbc\5.0.6.RELEASE\spring-jdbc-5.0.6.RELEASE.jar;D:\MavenRepository\org\hibernate\hibernate-core\5.2.17.Final\hibernate-core-5.2.17.Final.jar;D:\MavenRepository\org\hibernate\javax\persistence\hibernate-jpa-2.1-api\1.0.0.Final\hibernate-jpa-2.1-api-1.0.0.Final.jar;D:\MavenRepository\org\javassist\javassist\3.22.0-GA\javassist-3.22.0-GA.jar;D:\MavenRepository\antlr\antlr\2.7.7\antlr-2.7.7.jar;D:\MavenRepository\org\jboss\jandex\2.0.3.Final\jandex-2.0.3.Final.jar;D:\MavenRepository\org\hibernate\common\hibernate-commons-annotations\5.0.1.Final\hibernate-commons-annotations-5.0.1.Final.jar;D:\MavenRepository\javax\transaction\javax.transaction-api\1.2\javax.transaction-api-1.2.jar;D:\MavenRepository\org\springframework\data\spring-data-jpa\2.0.7.RELEASE\spring-data-jpa-2.0.7.RELEASE.jar;D:\MavenRepository\org\springframework\data\spring-data-commons\2.0.7.RELEASE\spring-data-commons-2.0.7.RELEASE.jar;D:\MavenRepository\org\springframework\spring-orm\5.0.6.RELEASE\spring-orm-5.0.6.RELEASE.jar;D:\MavenRepository\org\springframework\spring-tx\5.0.6.RELEASE\spring-tx-5.0.6.RELEASE.jar;D:\MavenRepository\org\springframework\spring-aspects\5.0.6.RELEASE\spring-aspects-5.0.6.RELEASE.jar;D:\MavenRepository\mysql\mysql-connector-java\5.1.46\mysql-connector-java-5.1.46.jar;D:\MavenRepository\oracle\ojdbc6\11.2.0.3\ojdbc6-11.2.0.3.jar;D:\MavenRepository\com\microsoft\sqlserver\sqljdbc4\4.0\sqljdbc4-4.0.jar;D:\MavenRepository\com\alibaba\druid\1.1.10\druid-1.1.10.jar;D:\MavenRepository\org\springframework\boot\spring-boot-starter-jetty\2.0.2.RELEASE\spring-boot-starter-jetty-2.0.2.RELEASE.jar;D:\MavenRepository\org\eclipse\jetty\jetty-servlets\9.4.10.v20180503\jetty-servlets-9.4.10.v20180503.jar;D:\MavenRepository\org\eclipse\jetty\jetty-continuation\9.4.10.v20180503\jetty-continuation-9.4.10.v20180503.jar;D:\MavenRepository\org\eclipse\jetty\jetty-http\9.4.10.v20180503\jetty-http-9.4.10.v20180503.jar;D:\MavenRepository\org\eclipse\jetty\jetty-util\9.4.10.v20180503\jetty-util-9.4.10.v20180503.jar;D:\MavenRepository\org\eclipse\jetty\jetty-io\9.4.10.v20180503\jetty-io-9.4.10.v20180503.jar;D:\MavenRepository\org\eclipse\jetty\jetty-webapp\9.4.10.v20180503\jetty-webapp-9.4.10.v20180503.jar;D:\MavenRepository\org\eclipse\jetty\jetty-xml\9.4.10.v20180503\jetty-xml-9.4.10.v20180503.jar;D:\MavenRepository\org\eclipse\jetty\jetty-servlet\9.4.10.v20180503\jetty-servlet-9.4.10.v20180503.jar;D:\MavenRepository\org\eclipse\jetty\jetty-security\9.4.10.v20180503\jetty-security-9.4.10.v20180503.jar;D:\MavenRepository\org\eclipse\jetty\jetty-server\9.4.10.v20180503\jetty-server-9.4.10.v20180503.jar;D:\MavenRepository\org\eclipse\jetty\websocket\websocket-server\9.4.10.v20180503\websocket-server-9.4.10.v20180503.jar;D:\MavenRepository\org\eclipse\jetty\websocket\websocket-common\9.4.10.v20180503\websocket-common-9.4.10.v20180503.jar;D:\MavenRepository\org\eclipse\jetty\websocket\websocket-api\9.4.10.v20180503\websocket-api-9.4.10.v20180503.jar;D:\MavenRepository\org\eclipse\jetty\websocket\websocket-client\9.4.10.v20180503\websocket-client-9.4.10.v20180503.jar;D:\MavenRepository\org\eclipse\jetty\jetty-client\9.4.10.v20180503\jetty-client-9.4.10.v20180503.jar;D:\MavenRepository\org\eclipse\jetty\websocket\websocket-servlet\9.4.10.v20180503\websocket-servlet-9.4.10.v20180503.jar;D:\MavenRepository\javax\servlet\javax.servlet-api\3.1.0\javax.servlet-api-3.1.0.jar;D:\MavenRepository\org\eclipse\jetty\websocket\javax-websocket-server-impl\9.4.10.v20180503\javax-websocket-server-impl-9.4.10.v20180503.jar;D:\MavenRepository\org\eclipse\jetty\jetty-annotations\9.4.10.v20180503\jetty-annotations-9.4.10.v20180503.jar;D:\MavenRepository\org\eclipse\jetty\jetty-plus\9.4.10.v20180503\jetty-plus-9.4.10.v20180503.jar;D:\MavenRepository\org\ow2\asm\asm\6.1.1\asm-6.1.1.jar;D:\MavenRepository\org\ow2\asm\asm-commons\6.1.1\asm-commons-6.1.1.jar;D:\MavenRepository\org\ow2\asm\asm-tree\6.1.1\asm-tree-6.1.1.jar;D:\MavenRepository\org\ow2\asm\asm-analysis\6.1.1\asm-analysis-6.1.1.jar;D:\MavenRepository\org\eclipse\jetty\websocket\javax-websocket-client-impl\9.4.10.v20180503\javax-websocket-client-impl-9.4.10.v20180503.jar;D:\MavenRepository\javax\websocket\javax.websocket-api\1.0\javax.websocket-api-1.0.jar;D:\MavenRepository\org\mortbay\jasper\apache-el\8.5.24.2\apache-el-8.5.24.2.jar;D:\MavenRepository\org\springframework\boot\spring-boot-starter-test\2.0.2.RELEASE\spring-boot-starter-test-2.0.2.RELEASE.jar;D:\MavenRepository\org\springframework\boot\spring-boot-test\2.0.2.RELEASE\spring-boot-test-2.0.2.RELEASE.jar;D:\MavenRepository\org\springframework\boot\spring-boot-test-autoconfigure\2.0.2.RELEASE\spring-boot-test-autoconfigure-2.0.2.RELEASE.jar;D:\MavenRepository\com\jayway\jsonpath\json-path\2.4.0\json-path-2.4.0.jar;D:\MavenRepository\net\minidev\json-smart\2.3\json-smart-2.3.jar;D:\MavenRepository\net\minidev\accessors-smart\1.2\accessors-smart-1.2.jar;D:\MavenRepository\junit\junit\4.12\junit-4.12.jar;D:\MavenRepository\org\assertj\assertj-core\3.9.1\assertj-core-3.9.1.jar;D:\MavenRepository\org\mockito\mockito-core\2.15.0\mockito-core-2.15.0.jar;D:\MavenRepository\net\bytebuddy\byte-buddy\1.7.11\byte-buddy-1.7.11.jar;D:\MavenRepository\net\bytebuddy\byte-buddy-agent\1.7.11\byte-buddy-agent-1.7.11.jar;D:\MavenRepository\org\objenesis\objenesis\2.6\objenesis-2.6.jar;D:\MavenRepository\org\hamcrest\hamcrest-core\1.3\hamcrest-core-1.3.jar;D:\MavenRepository\org\hamcrest\hamcrest-library\1.3\hamcrest-library-1.3.jar;D:\MavenRepository\org\skyscreamer\jsonassert\1.5.0\jsonassert-1.5.0.jar;D:\MavenRepository\com\vaadin\external\google\android-json\0.0.20131108.vaadin1\android-json-0.0.20131108.vaadin1.jar;D:\MavenRepository\org\springframework\spring-core\5.0.6.RELEASE\spring-core-5.0.6.RELEASE.jar;D:\MavenRepository\org\springframework\spring-jcl\5.0.6.RELEASE\spring-jcl-5.0.6.RELEASE.jar;D:\MavenRepository\org\springframework\spring-test\5.0.6.RELEASE\spring-test-5.0.6.RELEASE.jar;D:\MavenRepository\org\xmlunit\xmlunit-core\2.5.1\xmlunit-core-2.5.1.jar;D:\MavenRepository\org\springframework\boot\spring-boot-starter-mail\2.0.1.RELEASE\spring-boot-starter-mail-2.0.1.RELEASE.jar;D:\MavenRepository\org\springframework\spring-context\5.0.6.RELEASE\spring-context-5.0.6.RELEASE.jar;D:\MavenRepository\org\springframework\spring-context-support\5.0.6.RELEASE\spring-context-support-5.0.6.RELEASE.jar;D:\MavenRepository\com\sun\mail\javax.mail\1.6.1\javax.mail-1.6.1.jar;D:\MavenRepository\javax\activation\activation\1.1\activation-1.1.jar;D:\MavenRepository\org\springframework\boot\spring-boot-starter-aop\2.0.2.RELEASE\spring-boot-starter-aop-2.0.2.RELEASE.jar;D:\MavenRepository\org\springframework\spring-aop\5.0.6.RELEASE\spring-aop-5.0.6.RELEASE.jar;D:\MavenRepository\org\aspectj\aspectjweaver\1.8.13\aspectjweaver-1.8.13.jar;D:\MavenRepository\io\springfox\springfox-swagger2\2.8.0\springfox-swagger2-2.8.0.jar;D:\MavenRepository\io\swagger\swagger-annotations\1.5.14\swagger-annotations-1.5.14.jar;D:\MavenRepository\io\swagger\swagger-models\1.5.14\swagger-models-1.5.14.jar;D:\MavenRepository\com\fasterxml\jackson\core\jackson-annotations\2.9.0\jackson-annotations-2.9.0.jar;D:\MavenRepository\io\springfox\springfox-spi\2.8.0\springfox-spi-2.8.0.jar;D:\MavenRepository\io\springfox\springfox-core\2.8.0\springfox-core-2.8.0.jar;D:\MavenRepository\io\springfox\springfox-schema\2.8.0\springfox-schema-2.8.0.jar;D:\MavenRepository\io\springfox\springfox-swagger-common\2.8.0\springfox-swagger-common-2.8.0.jar;D:\MavenRepository\io\springfox\springfox-spring-web\2.8.0\springfox-spring-web-2.8.0.jar;D:\MavenRepository\org\reflections\reflections\0.9.11\reflections-0.9.11.jar;D:\MavenRepository\com\google\guava\guava\20.0\guava-20.0.jar;D:\MavenRepository\com\fasterxml\classmate\1.3.4\classmate-1.3.4.jar;D:\MavenRepository\org\slf4j\slf4j-api\1.7.25\slf4j-api-1.7.25.jar;D:\MavenRepository\org\springframework\plugin\spring-plugin-core\1.2.0.RELEASE\spring-plugin-core-1.2.0.RELEASE.jar;D:\MavenRepository\org\springframework\plugin\spring-plugin-metadata\1.2.0.RELEASE\spring-plugin-metadata-1.2.0.RELEASE.jar;D:\MavenRepository\org\mapstruct\mapstruct\1.2.0.Final\mapstruct-1.2.0.Final.jar;D:\MavenRepository\io\springfox\springfox-swagger-ui\2.7.0\springfox-swagger-ui-2.7.0.jar;D:\MavenRepository\com\alibaba\fastjson\1.2.47\fastjson-1.2.47.jar;D:\MavenRepository\org\apache\commons\commons-lang3\3.8.1\commons-lang3-3.8.1.jar;D:\MavenRepository\com\auth0\java-jwt\3.4.0\java-jwt-3.4.0.jar;D:\MavenRepository\com\fasterxml\jackson\core\jackson-databind\2.9.5\jackson-databind-2.9.5.jar;D:\MavenRepository\com\fasterxml\jackson\core\jackson-core\2.9.5\jackson-core-2.9.5.jar;D:\MavenRepository\commons-codec\commons-codec\1.11\commons-codec-1.11.jar;D:\MavenRepository\org\apache\camel\camel-ftp\2.13.2\camel-ftp-2.13.2.jar;D:\MavenRepository\org\apache\camel\camel-core\2.13.2\camel-core-2.13.2.jar;D:\MavenRepository\com\sun\xml\bind\jaxb-impl\2.2.6\jaxb-impl-2.2.6.jar;D:\MavenRepository\com\jcraft\jsch\0.1.50\jsch-0.1.50.jar;D:\MavenRepository\commons-net\commons-net\3.3\commons-net-3.3.jar;D:\MavenRepository\org\springside\springside-core\4.2.2.GA\springside-core-4.2.2.GA.jar;D:\MavenRepository\org\apache\poi\poi\3.9\poi-3.9.jar;D:\MavenRepository\org\apache\poi\poi-ooxml\3.9\poi-ooxml-3.9.jar;D:\MavenRepository\org\apache\poi\poi-ooxml-schemas\3.9\poi-ooxml-schemas-3.9.jar;D:\MavenRepository\org\apache\xmlbeans\xmlbeans\2.3.0\xmlbeans-2.3.0.jar;D:\MavenRepository\stax\stax-api\1.0.1\stax-api-1.0.1.jar;D:\MavenRepository\dom4j\dom4j\1.6.1\dom4j-1.6.1.jar;D:\MavenRepository\xml-apis\xml-apis\1.4.01\xml-apis-1.4.01.jar;D:\MavenRepository\com\belerweb\pinyin4j\2.5.0\pinyin4j-2.5.0.jar;"/>
    <property name="sun.cpu.endian" value="little"/>
    <property name="user.home" value="C:\Users\clearlove"/>
    <property name="user.language" value="zh"/>
    <property name="java.specification.vendor" value="Oracle Corporation"/>
    <property name="java.home" value="D:\JDK8\jre"/>
    <property name="basedir" value="D:\IDEA project\xk_logistics"/>
    <property name="file.separator" value="\"/>
    <property name="line.separator" value="&#10;"/>
    <property name="java.vm.specification.vendor" value="Oracle Corporation"/>
    <property name="java.specification.name" value="Java Platform API Specification"/>
    <property name="java.awt.graphicsenv" value="sun.awt.Win32GraphicsEnvironment"/>
    <property name="surefire.real.class.path" value="C:\Users\CLEARL~1\AppData\Local\Temp\surefire6320237087690307722\surefirebooter1558903188172785458.jar"/>
    <property name="sun.boot.class.path" value="D:\JDK8\jre\lib\resources.jar;D:\JDK8\jre\lib\rt.jar;D:\JDK8\jre\lib\sunrsasign.jar;D:\JDK8\jre\lib\jsse.jar;D:\JDK8\jre\lib\jce.jar;D:\JDK8\jre\lib\charsets.jar;D:\JDK8\jre\lib\jfr.jar;D:\JDK8\jre\classes"/>
    <property name="user.script" value=""/>
    <property name="sun.management.compiler" value="HotSpot 64-Bit Tiered Compilers"/>
    <property name="java.runtime.version" value="1.8.0_271-b09"/>
    <property name="user.name" value="clearlove"/>
    <property name="path.separator" value=";"/>
    <property name="os.version" value="10.0"/>
    <property name="java.endorsed.dirs" value="D:\JDK8\jre\lib\endorsed"/>
    <property name="java.runtime.name" value="Java(TM) SE Runtime Environment"/>
    <property name="file.encoding" value="GBK"/>
    <property name="java.vm.name" value="Java HotSpot(TM) 64-Bit Server VM"/>
    <property name="localRepository" value="D:\MavenRepository"/>
    <property name="java.vendor.url.bug" value="http://bugreport.sun.com/bugreport/"/>
    <property name="java.io.tmpdir" value="C:\Users\CLEARL~1\AppData\Local\Temp\"/>
    <property name="java.version" value="1.8.0_271"/>
    <property name="user.dir" value="D:\IDEA project\xk_logistics"/>
    <property name="os.arch" value="amd64"/>
    <property name="java.vm.specification.name" value="Java Virtual Machine Specification"/>
    <property name="java.awt.printerjob" value="sun.awt.windows.WPrinterJob"/>
    <property name="sun.os.patch.level" value=""/>
    <property name="idea.version2019.3.3" value="true"/>
    <property name="java.library.path" value="D:\JDK8\jre\bin;C:\Windows\Sun\Java\bin;C:\Windows\system32;C:\Windows;D:\vm ware\bin\;C:\Windows\system32;C:\Windows;C:\Windows\System32\Wbem;C:\Windows\System32\WindowsPowerShell\v1.0\;C:\Windows\System32\OpenSSH\;C:\Program Files (x86)\NVIDIA Corporation\PhysX\Common;C:\Program Files\NVIDIA Corporation\NVIDIA NvDLISR;D:\JDK8\bin;D:\JDK8\jre\bin;D:\Git\Git\cmd;D:\Maven\apache-maven-3.6.3\bin;C:\ProgramData\chocolatey\bin;F:\node\;C:\Users\clearlove\.windows-build-tools\python27\;C:\Users\clearlove\.windows-build-tools\python27\Scripts\;D:\xftp\;C:\Program Files\dotnet\;C:\Users\clearlove\AppData\Local\Microsoft\WindowsApps;D:\压缩软件\;D:\MySQL\bin;F:\node\node_global;C:\Users\clearlove\.dotnet\tools;."/>
    <property name="java.vm.info" value="mixed mode"/>
    <property name="java.vendor" value="Oracle Corporation"/>
    <property name="java.vm.version" value="25.271-b09"/>
    <property name="java.ext.dirs" value="D:\JDK8\jre\lib\ext;C:\Windows\Sun\Java\lib\ext"/>
    <property name="sun.io.unicode.encoding" value="UnicodeLittle"/>
    <property name="maven.repo.local" value="D:\MavenRepository"/>
    <property name="java.class.version" value="52.0"/>
  </properties>
  <testcase name="contextLoads" classname="com.ansel.LogisticsApplicationTests" time="0.069"/>
</testsuite>